<?xml version="1.0" encoding="UTF-8"?>
<!-- Generated by org.testng.reporters.JUnitReportReporter -->
<testsuite hostname="DESKTOP-AFANITS" name="qaclickacademy.MavenJava.AppTest" tests="1" failures="0" timestamp="29 Mar 2021 13:36:09 GMT" time="0.001" errors="0">
  <testcase name="testApp" time="0.001" classname="qaclickacademy.MavenJava.AppTest"/>
</testsuite> <!-- qaclickacademy.MavenJava.AppTest -->
