<?xml version="1.0" encoding="UTF-8"?>
<!-- Generated by org.testng.reporters.JUnitReportReporter -->
<testsuite skipped="0" hostname="DESKTOP-AFANITS" name="qaclickacademy.MavenJava.selaryTest" tests="2" failures="0" timestamp="2021-03-29T18:54:07 IST" time="0.014" errors="0">
  <testcase name="BrowserAutomation" time="0.013" classname="qaclickacademy.MavenJava.selaryTest"/>
  <system-out/>
  <testcase name="ElementUi" time="0.001" classname="qaclickacademy.MavenJava.selaryTest"/>
  <system-out/>
</testsuite> <!-- qaclickacademy.MavenJava.selaryTest -->
