<?xml version="1.0" encoding="UTF-8"?>
<!-- Generated by org.testng.reporters.JUnitReportReporter -->
<testsuite skipped="0" hostname="DESKTOP-AFANITS" name="qaclickacademy.MavenJava.ApppiumTest" tests="2" failures="0" timestamp="2021-03-29T18:54:17 IST" time="0.010" errors="0">
  <testcase name="Deleteall" time="0.009" classname="qaclickacademy.MavenJava.ApppiumTest"/>
  <system-out/>
  <testcase name="postJIRA" time="0.001" classname="qaclickacademy.MavenJava.ApppiumTest"/>
  <system-out/>
</testsuite> <!-- qaclickacademy.MavenJava.ApppiumTest -->
