<?xml version="1.0" encoding="UTF-8"?>
<!-- Generated by org.testng.reporters.JUnitReportReporter -->
<testsuite hostname="DESKTOP-AFANITS" name="qaclickacademy.MavenJava.selaryTest" tests="2" failures="0" timestamp="29 Mar 2021 13:36:25 GMT" time="0.008" errors="0">
  <testcase name="BrowserAutomation" time="0.008" classname="qaclickacademy.MavenJava.selaryTest"/>
  <testcase name="ElementUi" time="0.000" classname="qaclickacademy.MavenJava.selaryTest"/>
</testsuite> <!-- qaclickacademy.MavenJava.selaryTest -->
