<?xml version="1.0" encoding="UTF-8"?>
<!-- Generated by org.testng.reporters.JUnitReportReporter -->
<testsuite hostname="DESKTOP-AFANITS" name="qaclickacademy.MavenJava.ApppiumTest" tests="2" failures="0" timestamp="29 Mar 2021 13:34:59 GMT" time="0.006" errors="0">
  <testcase name="postJIRA" time="0.000" classname="qaclickacademy.MavenJava.ApppiumTest"/>
  <testcase name="Deleteall" time="0.006" classname="qaclickacademy.MavenJava.ApppiumTest"/>
</testsuite> <!-- qaclickacademy.MavenJava.ApppiumTest -->
